<?xml version="1.0" encoding="UTF-8"?>
<testsuite xmlns:xsi="http://www.w3.org/2001/XMLSchema-instance" xsi:noNamespaceSchemaLocation="https://maven.apache.org/surefire/maven-surefire-plugin/xsd/surefire-test-report-3.0.xsd" version="3.0" name="org.jgrapht.graph.SimpleIdentityDirectedGraphTest" time="0.007" tests="21" errors="0" skipped="0" failures="0">
  <properties>
    <property name="awt.toolkit" value="sun.awt.X11.XToolkit"/>
    <property name="java.specification.version" value="11"/>
    <property name="sun.cpu.isalist" value=""/>
    <property name="sun.jnu.encoding" value="UTF-8"/>
    <property name="java.class.path" value="/home/federico/JGraphT_Test/project/repo/jgrapht-core/target/test-classes:/root/.m2/repository/org/junit/jupiter/junit-jupiter/5.10.1/junit-jupiter-5.10.1.jar:/root/.m2/repository/org/junit/jupiter/junit-jupiter-api/5.10.1/junit-jupiter-api-5.10.1.jar:/root/.m2/repository/org/opentest4j/opentest4j/1.3.0/opentest4j-1.3.0.jar:/root/.m2/repository/org/junit/platform/junit-platform-commons/1.10.1/junit-platform-commons-1.10.1.jar:/root/.m2/repository/org/apiguardian/apiguardian-api/1.1.2/apiguardian-api-1.1.2.jar:/root/.m2/repository/org/junit/jupiter/junit-jupiter-params/5.10.1/junit-jupiter-params-5.10.1.jar:/root/.m2/repository/org/junit/jupiter/junit-jupiter-engine/5.10.1/junit-jupiter-engine-5.10.1.jar:/root/.m2/repository/org/junit/platform/junit-platform-engine/1.10.1/junit-platform-engine-1.10.1.jar:/root/.m2/repository/org/junit/platform/junit-platform-suite/1.10.1/junit-platform-suite-1.10.1.jar:/root/.m2/repository/org/junit/platform/junit-platform-suite-api/1.10.1/junit-platform-suite-api-1.10.1.jar:/root/.m2/repository/org/junit/platform/junit-platform-suite-engine/1.10.1/junit-platform-suite-engine-1.10.1.jar:/root/.m2/repository/org/junit/platform/junit-platform-suite-commons/1.10.1/junit-platform-suite-commons-1.10.1.jar:/root/.m2/repository/org/junit/platform/junit-platform-launcher/1.10.1/junit-platform-launcher-1.10.1.jar:/root/.m2/repository/org/hamcrest/hamcrest/2.2/hamcrest-2.2.jar:/root/.m2/repository/org/openjdk/jmh/jmh-core/1.37/jmh-core-1.37.jar:/root/.m2/repository/net/sf/jopt-simple/jopt-simple/5.0.4/jopt-simple-5.0.4.jar:/root/.m2/repository/org/apache/commons/commons-math3/3.6.1/commons-math3-3.6.1.jar:/root/.m2/repository/org/openjdk/jmh/jmh-generator-annprocess/1.37/jmh-generator-annprocess-1.37.jar:"/>
    <property name="java.vm.vendor" value="Ubuntu"/>
    <property name="sun.arch.data.model" value="64"/>
    <property name="java.vendor.url" value="https://ubuntu.com/"/>
    <property name="user.timezone" value=""/>
    <property name="java.vm.specification.version" value="11"/>
    <property name="os.name" value="Linux"/>
    <property name="sun.java.launcher" value="SUN_STANDARD"/>
    <property name="user.country" value="US"/>
    <property name="sun.boot.library.path" value="/usr/lib/jvm/java-11-openjdk-amd64/lib"/>
    <property name="sun.java.command" value="org.apache.maven.surefire.booter.ForkedBooter /home/federico/JGraphT_Test/project/repo/jgrapht-core/target/surefire 2025-08-12T14-45-32_058-jvmRun1 surefire-20250812144532412_1tmp surefire_0-20250812144532412_2tmp"/>
    <property name="jdk.debug" value="release"/>
    <property name="test" value="org.jgrapht.GraphMetricsTest,org.jgrapht.GraphTestsTest,org.jgrapht.GraphsTest,org.jgrapht.alg.TransitiveClosureTest,org.jgrapht.alg.TransitiveReductionTest,org.jgrapht.alg.color.ColorRefinementAlgorithmTest,org.jgrapht.alg.connectivity.BlockCutpointGraphTest,org.jgrapht.alg.connectivity.ConnectivityInspectorTest,org.jgrapht.alg.connectivity.StrongConnectivityAlgorithmTest,org.jgrapht.alg.cycle.AhujaOrlinSharmaCyclicExchangeLocalAugmentationTest,org.jgrapht.alg.cycle.ChinesePostmanTest,org.jgrapht.alg.cycle.CycleDetectorTest,org.jgrapht.alg.cycle.CyclesTest,org.jgrapht.alg.cycle.DirectedSimpleCyclesTest,org.jgrapht.alg.cycle.HawickJamesSimpleCyclesTest,org.jgrapht.alg.cycle.HierholzerEulerianCycleTest,org.jgrapht.alg.cycle.JohnsonSimpleCyclesTest,org.jgrapht.alg.decomposition.DulmageMendelsohnDecompositionTest,org.jgrapht.alg.densesubgraph.GoldbergMaximumDensitySubgraphAlgorithmNodeWeightsPerEdgeTest,org.jgrapht.alg.densesubgraph.GoldbergMaximumDensitySubgraphAlgorithmNodeWeightsTest,org.jgrapht.alg.densesubgraph.GoldbergMaximumDensitySubgraphAlgorithmTest,org.jgrapht.alg.flow.DinicMFImplTest,org.jgrapht.alg.flow.EdmondsKarpMFImplTest,org.jgrapht.alg.flow.EdmondsKarpMinimumSTCutTest,org.jgrapht.alg.flow.PushRelabelMFImplTest,org.jgrapht.alg.flow.PushRelabelMinimumSTCutTest,org.jgrapht.alg.flow.mincost.CapacityScalingMinimumCostFlowTest,org.jgrapht.alg.isomorphism.GraphOrderingTest,org.jgrapht.alg.isomorphism.VF2GraphIsomorphismInspectorTest,org.jgrapht.alg.isomorphism.VF2SubgraphIsomorphismInspectorTest,org.jgrapht.alg.lca.NaiveLCAFinderTest,org.jgrapht.alg.matching.GreedyWeightedMatchingTest,org.jgrapht.alg.matching.NoHeuristicsPathGrowingWeightedMatchingTest,org.jgrapht.alg.matching.PathGrowingWeightedMatchingTest,org.jgrapht.alg.partition.BipartitePartitioningTest,org.jgrapht.alg.scoring.AlphaCentralityTest,org.jgrapht.alg.scoring.BetweennessCentralityTest,org.jgrapht.alg.scoring.ClosenessCentralityTest,org.jgrapht.alg.scoring.ClusteringCoefficientTest,org.jgrapht.alg.scoring.HarmonicCentralityTest,org.jgrapht.alg.scoring.PageRankTest,org.jgrapht.alg.shortestpath.ALTAdmissibleHeuristicTest,org.jgrapht.alg.shortestpath.AStarShortestPathTest,org.jgrapht.alg.shortestpath.AllDirectedPathsTest,org.jgrapht.alg.shortestpath.AllPairsShortestPathsTest,org.jgrapht.alg.shortestpath.BFSShortestPathTest,org.jgrapht.alg.shortestpath.BellmanFordShortestPathTest,org.jgrapht.alg.shortestpath.BhandariKDisjointShortestPathsTest,org.jgrapht.alg.shortestpath.BidirectionalAStarShortestPathTest,org.jgrapht.alg.shortestpath.BidirectionalDijkstraShortestPathTest,org.jgrapht.alg.shortestpath.CHManyToManyShortestPathsTest,org.jgrapht.alg.shortestpath.ContractionHierarchyBidirectionalDijkstraTest,org.jgrapht.alg.shortestpath.ContractionHierarchyPrecomputationTest,org.jgrapht.alg.shortestpath.DefaultManyToManyShortestPathsTest,org.jgrapht.alg.shortestpath.DeltaSteppingShortestPathTest,org.jgrapht.alg.shortestpath.DijkstraManyToManyShortestPathsTest,org.jgrapht.alg.shortestpath.DijkstraShortestPathTest,org.jgrapht.alg.shortestpath.EppsteinKShortestPathTest,org.jgrapht.alg.shortestpath.EppsteinShortestPathIteratorTest,org.jgrapht.alg.shortestpath.FloydWarshallPseudographsTest,org.jgrapht.alg.shortestpath.FloydWarshallShortestPathsTest,org.jgrapht.alg.shortestpath.GraphMeasurerTest,org.jgrapht.alg.shortestpath.IntVertexDijkstraShortestPathTest,org.jgrapht.alg.shortestpath.JohnsonShortestPathsTest,org.jgrapht.alg.shortestpath.KSPPathValidatorTest,org.jgrapht.alg.shortestpath.KShortestPathCostTest,org.jgrapht.alg.shortestpath.ListSingleSourcePathsTest,org.jgrapht.alg.shortestpath.MartinShortestPathTest,org.jgrapht.alg.shortestpath.SuurballeKDisjointShortestPathsTest,org.jgrapht.alg.shortestpath.TreeSingleSourcePathsTest,org.jgrapht.alg.shortestpath.YenKShortestPathTest,org.jgrapht.alg.shortestpath.YenShortestPathIteratorTest,org.jgrapht.alg.spanning.AhujaOrlinSharmaCapacitatedMinimumSpanningTreeTest,org.jgrapht.alg.tour.ChristofidesThreeHalvesApproxMetricTSPTest,org.jgrapht.alg.transform.LineGraphConverterTest,org.jgrapht.alg.util.NeighborCacheTest,org.jgrapht.generate.BarabasiAlbertGraphGeneratorTest,org.jgrapht.generate.ComplementGraphGeneratorTest,org.jgrapht.generate.DirectedScaleFreeGraphGeneratorTest,org.jgrapht.generate.GnmRandomBipartiteGraphGeneratorTest,org.jgrapht.generate.GnmRandomGraphGeneratorTest,org.jgrapht.generate.GnpRandomBipartiteGraphGeneratorTest,org.jgrapht.generate.GnpRandomGraphGeneratorTest,org.jgrapht.generate.GraphGeneratorTest,org.jgrapht.generate.KleinbergSmallWorldGraphGeneratorTest,org.jgrapht.generate.LinearizedChordDiagramGraphGeneratorTest,org.jgrapht.generate.PlantedPartitionGraphGeneratorTest,org.jgrapht.generate.WattsStrogatzGraphGeneratorTest,org.jgrapht.graph.AsGraphUnionTest,org.jgrapht.graph.AsSubgraphTest,org.jgrapht.graph.AsUndirectedGraphTest,org.jgrapht.graph.DirectedAcyclicGraphTest,org.jgrapht.graph.DirectedGraphTest,org.jgrapht.graph.EqualsAndHashCodeTest,org.jgrapht.graph.GenericGraphsTest,org.jgrapht.graph.GraphWalkTest,org.jgrapht.graph.IncomingOutgoingEdgesTest,org.jgrapht.graph.ListenableGraphTest,org.jgrapht.graph.MaskEdgeSetTest,org.jgrapht.graph.MaskSubgraphTest,org.jgrapht.graph.MaskVertexSetTest,org.jgrapht.graph.SerializationTest,org.jgrapht.graph.SimpleDirectedGraphTest,org.jgrapht.graph.builder.GraphBuilderTest,org.jgrapht.graph.concurrent.AsSynchronizedGraphTest,org.jgrapht.alg.StoerWagnerMinimumCutTest,org.jgrapht.alg.clique.AllVariantsBronKerboschCliqueFinderTest,org.jgrapht.alg.clique.BronKerboschCliqueFinderTest,org.jgrapht.alg.clique.ChordalGraphMaxCliqueFinderTest,org.jgrapht.alg.clique.CliqueMinimalSeparatorDecompositionTest,org.jgrapht.alg.clique.DegeneracyBronKerboschCliqueFinderTest,org.jgrapht.alg.clique.PivotBronKerboschCliqueFinderTest,org.jgrapht.alg.clustering.KSpanningTreeClusteringTest,org.jgrapht.alg.clustering.LabelPropagationClusteringTest,org.jgrapht.alg.color.BrownBacktrackColoringTest,org.jgrapht.alg.color.ChordalGraphColoringTest,org.jgrapht.alg.color.GreedyColoringTest,org.jgrapht.alg.color.LargestDegreeFirstColoringTest,org.jgrapht.alg.color.RandomGreedyColoring2Test,org.jgrapht.alg.color.RandomGreedyColoringTest,org.jgrapht.alg.color.SaturationDegreeColoringTest,org.jgrapht.alg.color.SmallestDegreeLastColoringTest,org.jgrapht.alg.connectivity.BiconnectivityInspectorTest,org.jgrapht.alg.connectivity.TreeDynamicConnectivityTest,org.jgrapht.alg.cycle.BergeGraphInspectorTest,org.jgrapht.alg.cycle.ChordalGraphMinimalVertexSeparatorFinderTest,org.jgrapht.alg.cycle.ChordalityInspectorTest,org.jgrapht.alg.cycle.PatonCycleBaseTest,org.jgrapht.alg.cycle.QueueBFSFundamentalCycleBasisTest,org.jgrapht.alg.cycle.StackBFSFundamentalCycleBasisTest,org.jgrapht.alg.cycle.WeakChordalityInspectorTest,org.jgrapht.alg.decomposition.HeavyPathDecompositionTest,org.jgrapht.alg.drawing.FRLayoutAlgorithm2DTest,org.jgrapht.alg.drawing.IndexedFRLayoutAlgorithm2DTest,org.jgrapht.alg.flow.GusfieldEquivalentFlowTreeTest,org.jgrapht.alg.flow.GusfieldGomoryHuCutTreeTest,org.jgrapht.alg.flow.PadbergRaoOddMinimumCutsetTest,org.jgrapht.alg.independentset.ChordalGraphIndependentSetFinderTest,org.jgrapht.alg.isomorphism.AHUForestIsomorphismInspectorTest,org.jgrapht.alg.isomorphism.AHURootedTreeIsomorphismInspectorTest,org.jgrapht.alg.isomorphism.AHUUnrootedTreeIsomorphismInspectorTest,org.jgrapht.alg.isomorphism.ColorRefinementIsomorphismInspectorTest,org.jgrapht.alg.isomorphism.IsomorphicGraphMappingTest,org.jgrapht.alg.lca.BinaryLiftingLCAFinderTest,org.jgrapht.alg.lca.EulerTourRMQLCAFinderTest,org.jgrapht.alg.lca.HeavyPathLCAFinderTest,org.jgrapht.alg.lca.TarjanLCAFinderTest,org.jgrapht.alg.matching.DenseEdmondsMaximumCardinalityMatchingTest,org.jgrapht.alg.matching.GreedyMaximumCardinalityMatchingTest,org.jgrapht.alg.matching.HopcroftKarpMaximumCardinalityBipartiteMatchingTest,org.jgrapht.alg.matching.KuhnMunkresMinimalWeightBipartitePerfectMatchingTest,org.jgrapht.alg.matching.MaximumWeightBipartiteMatchingTest,org.jgrapht.alg.matching.SparseEdmondsMaximumCardinalityMatchingTest,org.jgrapht.alg.matching.blossom.v5.BlossomVDualUpdaterTest,org.jgrapht.alg.matching.blossom.v5.BlossomVInitializerTest,org.jgrapht.alg.matching.blossom.v5.BlossomVNodeTest,org.jgrapht.alg.matching.blossom.v5.BlossomVPrimalUpdaterTest,org.jgrapht.alg.matching.blossom.v5.BlossomVStateTest,org.jgrapht.alg.matching.blossom.v5.BlossomVTreeEdgeTest,org.jgrapht.alg.matching.blossom.v5.BlossomVTreeTest,org.jgrapht.alg.matching.blossom.v5.KolmogorovWeightedMatchingTest,org.jgrapht.alg.matching.blossom.v5.KolmogorovWeightedPerfectMatchingTest,org.jgrapht.alg.planar.BoyerMyrvoldPlanarityInspectorTest,org.jgrapht.alg.scoring.CorenessTest,org.jgrapht.alg.shortestpath.DijkstraClosestFirstIteratorTest,org.jgrapht.alg.shortestpath.KSPDiscardsValidPathsTest,org.jgrapht.alg.shortestpath.KSPExampleTest,org.jgrapht.alg.shortestpath.KShortestPathKValuesTest,org.jgrapht.alg.shortestpath.TreeMeasurerTest,org.jgrapht.alg.spanning.BoruvkaMinimumSpanningTreeTest,org.jgrapht.alg.spanning.EsauWilliamsCapacitatedMinimumSpanningTreeTest,org.jgrapht.alg.spanning.GreedyMultiplicativeSpannerTest,org.jgrapht.alg.spanning.KruskalMinimumSpanningTreeTest,org.jgrapht.alg.spanning.PrimMinimumSpanningTreeTest,org.jgrapht.alg.tour.NearestNeighborHeuristicTSPTest,org.jgrapht.alg.tour.PalmerHamiltonianCycleTest,org.jgrapht.alg.tour.TwoApproxMetricTSPTest,org.jgrapht.alg.util.VertexDegreeComparatorTest,org.jgrapht.alg.vertexcover.BarYehudaEvenTwoApproxVCImplTest,org.jgrapht.alg.vertexcover.ClarksonTwoApproxVCImplTest,org.jgrapht.alg.vertexcover.EdgeBasedTwoApproxVCImplTest,org.jgrapht.alg.vertexcover.GreedyVCImplTest,org.jgrapht.alg.vertexcover.RecursiveExactVCImplTest,org.jgrapht.generate.BarabasiAlbertForestGeneratorTest,org.jgrapht.generate.GeneralizedPetersenGraphGeneratorTest,org.jgrapht.generate.NamedGraphGeneratorTest,org.jgrapht.generate.PruferTreeGeneratorTest,org.jgrapht.generate.RandomRegularGraphGeneratorTest,org.jgrapht.generate.WindmillGraphsGeneratorTest,org.jgrapht.graph.AsUnweightedGraphTest,org.jgrapht.graph.CloneTest,org.jgrapht.graph.UnweightedGraphAsWeightedGraphTest,org.jgrapht.graph.WeightedGraphAsWeightedGraphTest,org.jgrapht.graph.WeightedGraphTest,org.jgrapht.interfaces.AStarAdmissibleHeuristicTest,org.jgrapht.alg.util.PairTest,org.jgrapht.graph.SimpleIdentityDirectedGraphTest"/>
    <property name="surefire.test.class.path" value="/home/federico/JGraphT_Test/project/repo/jgrapht-core/target/test-classes:/root/.m2/repository/org/junit/jupiter/junit-jupiter/5.10.1/junit-jupiter-5.10.1.jar:/root/.m2/repository/org/junit/jupiter/junit-jupiter-api/5.10.1/junit-jupiter-api-5.10.1.jar:/root/.m2/repository/org/opentest4j/opentest4j/1.3.0/opentest4j-1.3.0.jar:/root/.m2/repository/org/junit/platform/junit-platform-commons/1.10.1/junit-platform-commons-1.10.1.jar:/root/.m2/repository/org/apiguardian/apiguardian-api/1.1.2/apiguardian-api-1.1.2.jar:/root/.m2/repository/org/junit/jupiter/junit-jupiter-params/5.10.1/junit-jupiter-params-5.10.1.jar:/root/.m2/repository/org/junit/jupiter/junit-jupiter-engine/5.10.1/junit-jupiter-engine-5.10.1.jar:/root/.m2/repository/org/junit/platform/junit-platform-engine/1.10.1/junit-platform-engine-1.10.1.jar:/root/.m2/repository/org/junit/platform/junit-platform-suite/1.10.1/junit-platform-suite-1.10.1.jar:/root/.m2/repository/org/junit/platform/junit-platform-suite-api/1.10.1/junit-platform-suite-api-1.10.1.jar:/root/.m2/repository/org/junit/platform/junit-platform-suite-engine/1.10.1/junit-platform-suite-engine-1.10.1.jar:/root/.m2/repository/org/junit/platform/junit-platform-suite-commons/1.10.1/junit-platform-suite-commons-1.10.1.jar:/root/.m2/repository/org/junit/platform/junit-platform-launcher/1.10.1/junit-platform-launcher-1.10.1.jar:/root/.m2/repository/org/hamcrest/hamcrest/2.2/hamcrest-2.2.jar:/root/.m2/repository/org/openjdk/jmh/jmh-core/1.37/jmh-core-1.37.jar:/root/.m2/repository/net/sf/jopt-simple/jopt-simple/5.0.4/jopt-simple-5.0.4.jar:/root/.m2/repository/org/apache/commons/commons-math3/3.6.1/commons-math3-3.6.1.jar:/root/.m2/repository/org/openjdk/jmh/jmh-generator-annprocess/1.37/jmh-generator-annprocess-1.37.jar:"/>
    <property name="sun.cpu.endian" value="little"/>
    <property name="user.home" value="/root"/>
    <property name="user.language" value="en"/>
    <property name="java.specification.vendor" value="Oracle Corporation"/>
    <property name="jdk.module.path" value="/home/federico/JGraphT_Test/project/repo/jgrapht-core/target/classes:/root/.m2/repository/org/jheaps/jheaps/0.14/jheaps-0.14.jar:/root/.m2/repository/org/apfloat/apfloat/1.12.0/apfloat-1.12.0.jar"/>
    <property name="java.version.date" value="2025-01-21"/>
    <property name="java.home" value="/usr/lib/jvm/java-11-openjdk-amd64"/>
    <property name="file.separator" value="/"/>
    <property name="basedir" value="/home/federico/JGraphT_Test/project/repo/jgrapht-core"/>
    <property name="java.vm.compressedOopsMode" value="32-bit"/>
    <property name="line.separator" value="&#10;"/>
    <property name="java.specification.name" value="Java Platform API Specification"/>
    <property name="java.vm.specification.vendor" value="Oracle Corporation"/>
    <property name="java.awt.graphicsenv" value="sun.awt.X11GraphicsEnvironment"/>
    <property name="surefire.real.class.path" value="/root/.m2/repository/org/apache/maven/surefire/surefire-booter/3.2.5/surefire-booter-3.2.5.jar:/root/.m2/repository/org/apache/maven/surefire/surefire-api/3.2.5/surefire-api-3.2.5.jar:/root/.m2/repository/org/apache/maven/surefire/surefire-logger-api/3.2.5/surefire-logger-api-3.2.5.jar:/root/.m2/repository/org/apache/maven/surefire/surefire-shared-utils/3.2.5/surefire-shared-utils-3.2.5.jar:/root/.m2/repository/org/apache/maven/surefire/surefire-extensions-spi/3.2.5/surefire-extensions-spi-3.2.5.jar:/home/federico/JGraphT_Test/project/repo/jgrapht-core/target/test-classes:/root/.m2/repository/org/junit/jupiter/junit-jupiter/5.10.1/junit-jupiter-5.10.1.jar:/root/.m2/repository/org/junit/jupiter/junit-jupiter-api/5.10.1/junit-jupiter-api-5.10.1.jar:/root/.m2/repository/org/opentest4j/opentest4j/1.3.0/opentest4j-1.3.0.jar:/root/.m2/repository/org/junit/platform/junit-platform-commons/1.10.1/junit-platform-commons-1.10.1.jar:/root/.m2/repository/org/apiguardian/apiguardian-api/1.1.2/apiguardian-api-1.1.2.jar:/root/.m2/repository/org/junit/jupiter/junit-jupiter-params/5.10.1/junit-jupiter-params-5.10.1.jar:/root/.m2/repository/org/junit/jupiter/junit-jupiter-engine/5.10.1/junit-jupiter-engine-5.10.1.jar:/root/.m2/repository/org/junit/platform/junit-platform-engine/1.10.1/junit-platform-engine-1.10.1.jar:/root/.m2/repository/org/junit/platform/junit-platform-suite/1.10.1/junit-platform-suite-1.10.1.jar:/root/.m2/repository/org/junit/platform/junit-platform-suite-api/1.10.1/junit-platform-suite-api-1.10.1.jar:/root/.m2/repository/org/junit/platform/junit-platform-suite-engine/1.10.1/junit-platform-suite-engine-1.10.1.jar:/root/.m2/repository/org/junit/platform/junit-platform-suite-commons/1.10.1/junit-platform-suite-commons-1.10.1.jar:/root/.m2/repository/org/junit/platform/junit-platform-launcher/1.10.1/junit-platform-launcher-1.10.1.jar:/root/.m2/repository/org/hamcrest/hamcrest/2.2/hamcrest-2.2.jar:/root/.m2/repository/org/openjdk/jmh/jmh-core/1.37/jmh-core-1.37.jar:/root/.m2/repository/net/sf/jopt-simple/jopt-simple/5.0.4/jopt-simple-5.0.4.jar:/root/.m2/repository/org/apache/commons/commons-math3/3.6.1/commons-math3-3.6.1.jar:/root/.m2/repository/org/openjdk/jmh/jmh-generator-annprocess/1.37/jmh-generator-annprocess-1.37.jar:/root/.m2/repository/org/apache/maven/surefire/surefire-junit-platform/3.2.5/surefire-junit-platform-3.2.5.jar:/root/.m2/repository/org/apache/maven/surefire/common-java5/3.2.5/common-java5-3.2.5.jar"/>
    <property name="sun.management.compiler" value="HotSpot 64-Bit Tiered Compilers"/>
    <property name="java.runtime.version" value="11.0.26+4-post-Ubuntu-1ubuntu124.04"/>
    <property name="user.name" value="root"/>
    <property name="path.separator" value=":"/>
    <property name="os.version" value="6.8.0-49-generic"/>
    <property name="java.runtime.name" value="OpenJDK Runtime Environment"/>
    <property name="file.encoding" value="UTF-8"/>
    <property name="surefire.failIfNoSpecifiedTests" value="false"/>
    <property name="java.vm.name" value="OpenJDK 64-Bit Server VM"/>
    <property name="localRepository" value="/root/.m2/repository"/>
    <property name="java.vendor.url.bug" value="https://bugs.launchpad.net/ubuntu/+source/openjdk-lts"/>
    <property name="java.io.tmpdir" value="/tmp"/>
    <property name="java.version" value="11.0.26"/>
    <property name="user.dir" value="/home/federico/JGraphT_Test/project/repo/jgrapht-core"/>
    <property name="os.arch" value="amd64"/>
    <property name="java.vm.specification.name" value="Java Virtual Machine Specification"/>
    <property name="java.awt.printerjob" value="sun.print.PSPrinterJob"/>
    <property name="failIfNoTests" value="false"/>
    <property name="sun.os.patch.level" value="unknown"/>
    <property name="java.library.path" value="/usr/java/packages/lib:/usr/lib/x86_64-linux-gnu/jni:/lib/x86_64-linux-gnu:/usr/lib/x86_64-linux-gnu:/usr/lib/jni:/lib:/usr/lib"/>
    <property name="java.vm.info" value="mixed mode"/>
    <property name="java.vendor" value="Ubuntu"/>
    <property name="java.vm.version" value="11.0.26+4-post-Ubuntu-1ubuntu124.04"/>
    <property name="java.specification.maintenance.version" value="3"/>
    <property name="sun.io.unicode.encoding" value="UnicodeLittle"/>
    <property name="java.class.version" value="55.0"/>
  </properties>
  <testcase name="testContainsEdgeObjectObject" classname="org.jgrapht.graph.SimpleIdentityDirectedGraphTest" time="0.002"/>
  <testcase name="testOutgoingEdgesOf" classname="org.jgrapht.graph.SimpleIdentityDirectedGraphTest" time="0.001"/>
  <testcase name="testContainsVertex" classname="org.jgrapht.graph.SimpleIdentityDirectedGraphTest" time="0.0"/>
  <testcase name="testRemoveEdgeObjectObject" classname="org.jgrapht.graph.SimpleIdentityDirectedGraphTest" time="0.0"/>
  <testcase name="testRemoveEdgeEdge" classname="org.jgrapht.graph.SimpleIdentityDirectedGraphTest" time="0.0"/>
  <testcase name="testGetAllEdges" classname="org.jgrapht.graph.SimpleIdentityDirectedGraphTest" time="0.0"/>
  <testcase name="testVertexSet" classname="org.jgrapht.graph.SimpleIdentityDirectedGraphTest" time="0.001"/>
  <testcase name="testGetEdge" classname="org.jgrapht.graph.SimpleIdentityDirectedGraphTest" time="0.0"/>
  <testcase name="testInDegreeOf" classname="org.jgrapht.graph.SimpleIdentityDirectedGraphTest" time="0.0"/>
  <testcase name="testGetEdgeSupplier" classname="org.jgrapht.graph.SimpleIdentityDirectedGraphTest" time="0.0"/>
  <testcase name="testAddEdgeEdge" classname="org.jgrapht.graph.SimpleIdentityDirectedGraphTest" time="0.0"/>
  <testcase name="testContainsEdgeEdge" classname="org.jgrapht.graph.SimpleIdentityDirectedGraphTest" time="0.001"/>
  <testcase name="testRemoveVertex" classname="org.jgrapht.graph.SimpleIdentityDirectedGraphTest" time="0.0"/>
  <testcase name="testAddVertex" classname="org.jgrapht.graph.SimpleIdentityDirectedGraphTest" time="0.0"/>
  <testcase name="testReversedView" classname="org.jgrapht.graph.SimpleIdentityDirectedGraphTest" time="0.0"/>
  <testcase name="testAddEdgeObjectObject" classname="org.jgrapht.graph.SimpleIdentityDirectedGraphTest" time="0.001"/>
  <testcase name="testOutDegreeOf" classname="org.jgrapht.graph.SimpleIdentityDirectedGraphTest" time="0.0"/>
  <testcase name="testRemoveAllEdgesObjectObject" classname="org.jgrapht.graph.SimpleIdentityDirectedGraphTest" time="0.001"/>
  <testcase name="testEdgeSet" classname="org.jgrapht.graph.SimpleIdentityDirectedGraphTest" time="0.0"/>
  <testcase name="testEdgesOf" classname="org.jgrapht.graph.SimpleIdentityDirectedGraphTest" time="0.0"/>
  <testcase name="testIncomingOutgoingEdgesOf" classname="org.jgrapht.graph.SimpleIdentityDirectedGraphTest" time="0.0"/>
</testsuite>