<?xml version="1.0" encoding="UTF-8"?>
<testsuite xmlns:xsi="http://www.w3.org/2001/XMLSchema-instance" xsi:noNamespaceSchemaLocation="https://maven.apache.org/surefire/maven-surefire-plugin/xsd/surefire-test-report-3.0.xsd" version="3.0" name="org.jgrapht.alg.decomposition.DulmageMendelsohnDecompositionTest" time="0.641" tests="100" errors="0" skipped="0" failures="0">
  <properties>
    <property name="awt.toolkit" value="sun.awt.X11.XToolkit"/>
    <property name="java.specification.version" value="11"/>
    <property name="sun.cpu.isalist" value=""/>
    <property name="sun.jnu.encoding" value="UTF-8"/>
    <property name="java.class.path" value="/home/federico/JGraphT_Test/project/repo/jgrapht-core/target/test-classes:/root/.m2/repository/org/junit/jupiter/junit-jupiter/5.10.1/junit-jupiter-5.10.1.jar:/root/.m2/repository/org/junit/jupiter/junit-jupiter-api/5.10.1/junit-jupiter-api-5.10.1.jar:/root/.m2/repository/org/opentest4j/opentest4j/1.3.0/opentest4j-1.3.0.jar:/root/.m2/repository/org/junit/platform/junit-platform-commons/1.10.1/junit-platform-commons-1.10.1.jar:/root/.m2/repository/org/apiguardian/apiguardian-api/1.1.2/apiguardian-api-1.1.2.jar:/root/.m2/repository/org/junit/jupiter/junit-jupiter-params/5.10.1/junit-jupiter-params-5.10.1.jar:/root/.m2/repository/org/junit/jupiter/junit-jupiter-engine/5.10.1/junit-jupiter-engine-5.10.1.jar:/root/.m2/repository/org/junit/platform/junit-platform-engine/1.10.1/junit-platform-engine-1.10.1.jar:/root/.m2/repository/org/junit/platform/junit-platform-suite/1.10.1/junit-platform-suite-1.10.1.jar:/root/.m2/repository/org/junit/platform/junit-platform-suite-api/1.10.1/junit-platform-suite-api-1.10.1.jar:/root/.m2/repository/org/junit/platform/junit-platform-suite-engine/1.10.1/junit-platform-suite-engine-1.10.1.jar:/root/.m2/repository/org/junit/platform/junit-platform-suite-commons/1.10.1/junit-platform-suite-commons-1.10.1.jar:/root/.m2/repository/org/junit/platform/junit-platform-launcher/1.10.1/junit-platform-launcher-1.10.1.jar:/root/.m2/repository/org/hamcrest/hamcrest/2.2/hamcrest-2.2.jar:/root/.m2/repository/org/openjdk/jmh/jmh-core/1.37/jmh-core-1.37.jar:/root/.m2/repository/net/sf/jopt-simple/jopt-simple/5.0.4/jopt-simple-5.0.4.jar:/root/.m2/repository/org/apache/commons/commons-math3/3.6.1/commons-math3-3.6.1.jar:/root/.m2/repository/org/openjdk/jmh/jmh-generator-annprocess/1.37/jmh-generator-annprocess-1.37.jar:"/>
    <property name="java.vm.vendor" value="Ubuntu"/>
    <property name="sun.arch.data.model" value="64"/>
    <property name="java.vendor.url" value="https://ubuntu.com/"/>
    <property name="user.timezone" value=""/>
    <property name="java.vm.specification.version" value="11"/>
    <property name="os.name" value="Linux"/>
    <property name="sun.java.launcher" value="SUN_STANDARD"/>
    <property name="user.country" value="US"/>
    <property name="sun.boot.library.path" value="/usr/lib/jvm/java-11-openjdk-amd64/lib"/>
    <property name="sun.java.command" value="org.apache.maven.surefire.booter.ForkedBooter /home/federico/JGraphT_Test/project/repo/jgrapht-core/target/surefire 2025-08-19T08-54-57_920-jvmRun1 surefire-20250819085458243_1tmp surefire_0-20250819085458243_2tmp"/>
    <property name="jdk.debug" value="release"/>
    <property name="test" value="org.jgrapht.alg.color.ColorRefinementAlgorithmTest,org.jgrapht.alg.isomorphism.ColorRefinementIsomorphismInspectorTest,org.jgrapht.GraphTestsTest,org.jgrapht.alg.cycle.WeakChordalityInspectorTest,org.jgrapht.alg.connectivity.StrongConnectivityAlgorithmTest,org.jgrapht.alg.cycle.ChinesePostmanTest,org.jgrapht.alg.cycle.CycleDetectorTest,org.jgrapht.alg.cycle.DirectedSimpleCyclesTest,org.jgrapht.alg.cycle.HierholzerEulerianCycleTest,org.jgrapht.alg.decomposition.DulmageMendelsohnDecompositionTest,org.jgrapht.alg.clique.ChordalGraphMaxCliqueFinderTest,org.jgrapht.alg.color.ChordalGraphColoringTest,org.jgrapht.alg.cycle.ChordalGraphMinimalVertexSeparatorFinderTest,org.jgrapht.alg.cycle.ChordalityInspectorTest,org.jgrapht.alg.independentset.ChordalGraphIndependentSetFinderTest,org.jgrapht.alg.flow.mincost.CapacityScalingMinimumCostFlowTest,org.jgrapht.alg.matching.blossom.v5.BlossomVDualUpdaterTest,org.jgrapht.alg.matching.blossom.v5.BlossomVInitializerTest,org.jgrapht.alg.matching.blossom.v5.BlossomVNodeTest,org.jgrapht.alg.matching.blossom.v5.BlossomVPrimalUpdaterTest,org.jgrapht.alg.matching.blossom.v5.BlossomVStateTest,org.jgrapht.alg.matching.blossom.v5.BlossomVTreeEdgeTest,org.jgrapht.alg.matching.blossom.v5.BlossomVTreeTest,org.jgrapht.alg.matching.blossom.v5.KolmogorovWeightedMatchingTest,org.jgrapht.alg.matching.blossom.v5.KolmogorovWeightedPerfectMatchingTest,org.jgrapht.alg.tour.ChristofidesThreeHalvesApproxMetricTSPTest,org.jgrapht.alg.matching.NoHeuristicsPathGrowingWeightedMatchingTest,org.jgrapht.alg.matching.PathGrowingWeightedMatchingTest,org.jgrapht.alg.matching.SparseEdmondsMaximumCardinalityMatchingTest,org.jgrapht.alg.isomorphism.AHUForestIsomorphismInspectorTest,org.jgrapht.alg.isomorphism.AHURootedTreeIsomorphismInspectorTest,org.jgrapht.alg.isomorphism.AHUUnrootedTreeIsomorphismInspectorTest,org.jgrapht.alg.isomorphism.IsomorphicGraphMappingTest,org.jgrapht.alg.color.LargestDegreeFirstColoringTest,org.jgrapht.alg.color.SmallestDegreeLastColoringTest,org.jgrapht.alg.color.BrownBacktrackColoringTest,org.jgrapht.alg.TransitiveClosureTest,org.jgrapht.alg.partition.BipartitePartitioningTest,org.jgrapht.generate.GraphGeneratorTest,org.jgrapht.alg.clustering.KSpanningTreeClusteringTest,org.jgrapht.alg.decomposition.HeavyPathDecompositionTest,org.jgrapht.alg.lca.BinaryLiftingLCAFinderTest,org.jgrapht.alg.lca.EulerTourRMQLCAFinderTest,org.jgrapht.alg.lca.HeavyPathLCAFinderTest,org.jgrapht.alg.lca.TarjanLCAFinderTest,org.jgrapht.alg.spanning.AhujaOrlinSharmaCapacitatedMinimumSpanningTreeTest,org.jgrapht.alg.spanning.EsauWilliamsCapacitatedMinimumSpanningTreeTest,org.jgrapht.alg.spanning.KruskalMinimumSpanningTreeTest,org.jgrapht.alg.spanning.PrimMinimumSpanningTreeTest,org.jgrapht.alg.matching.HopcroftKarpMaximumCardinalityBipartiteMatchingTest,org.jgrapht.generate.GnmRandomBipartiteGraphGeneratorTest,org.jgrapht.alg.clique.CliqueMinimalSeparatorDecompositionTest,org.jgrapht.alg.flow.EdmondsKarpMinimumSTCutTest,org.jgrapht.alg.flow.PushRelabelMinimumSTCutTest,org.jgrapht.alg.matching.DenseEdmondsMaximumCardinalityMatchingTest,org.jgrapht.alg.matching.GreedyMaximumCardinalityMatchingTest,org.jgrapht.alg.shortestpath.BidirectionalDijkstraShortestPathTest,org.jgrapht.alg.shortestpath.CHManyToManyShortestPathsTest,org.jgrapht.alg.shortestpath.ContractionHierarchyBidirectionalDijkstraTest,org.jgrapht.alg.shortestpath.DefaultManyToManyShortestPathsTest,org.jgrapht.alg.shortestpath.DeltaSteppingShortestPathTest,org.jgrapht.alg.shortestpath.DijkstraManyToManyShortestPathsTest,org.jgrapht.alg.shortestpath.FloydWarshallShortestPathsTest,org.jgrapht.alg.util.VertexDegreeComparatorTest,org.jgrapht.alg.vertexcover.BarYehudaEvenTwoApproxVCImplTest,org.jgrapht.alg.vertexcover.ClarksonTwoApproxVCImplTest,org.jgrapht.alg.vertexcover.EdgeBasedTwoApproxVCImplTest,org.jgrapht.alg.vertexcover.GreedyVCImplTest,org.jgrapht.generate.GnmRandomGraphGeneratorTest,org.jgrapht.generate.GnpRandomBipartiteGraphGeneratorTest,org.jgrapht.GraphMetricsTest,org.jgrapht.alg.clique.AllVariantsBronKerboschCliqueFinderTest,org.jgrapht.alg.color.GreedyColoringTest,org.jgrapht.alg.color.RandomGreedyColoring2Test,org.jgrapht.alg.color.RandomGreedyColoringTest,org.jgrapht.alg.color.SaturationDegreeColoringTest,org.jgrapht.alg.connectivity.BlockCutpointGraphTest,org.jgrapht.alg.cycle.PatonCycleBaseTest,org.jgrapht.alg.flow.GusfieldEquivalentFlowTreeTest,org.jgrapht.alg.flow.GusfieldGomoryHuCutTreeTest,org.jgrapht.alg.flow.PadbergRaoOddMinimumCutsetTest,org.jgrapht.alg.shortestpath.ALTAdmissibleHeuristicTest,org.jgrapht.alg.shortestpath.AllPairsShortestPathsTest,org.jgrapht.alg.shortestpath.BidirectionalAStarShortestPathTest,org.jgrapht.alg.shortestpath.ContractionHierarchyPrecomputationTest,org.jgrapht.alg.shortestpath.EppsteinShortestPathIteratorTest,org.jgrapht.alg.shortestpath.JohnsonShortestPathsTest,org.jgrapht.alg.shortestpath.ListSingleSourcePathsTest,org.jgrapht.alg.shortestpath.YenKShortestPathTest,org.jgrapht.alg.spanning.BoruvkaMinimumSpanningTreeTest,org.jgrapht.generate.GnpRandomGraphGeneratorTest,org.jgrapht.generate.WattsStrogatzGraphGeneratorTest,org.jgrapht.alg.tour.TwoApproxMetricTSPTest"/>
    <property name="surefire.test.class.path" value="/home/federico/JGraphT_Test/project/repo/jgrapht-core/target/test-classes:/root/.m2/repository/org/junit/jupiter/junit-jupiter/5.10.1/junit-jupiter-5.10.1.jar:/root/.m2/repository/org/junit/jupiter/junit-jupiter-api/5.10.1/junit-jupiter-api-5.10.1.jar:/root/.m2/repository/org/opentest4j/opentest4j/1.3.0/opentest4j-1.3.0.jar:/root/.m2/repository/org/junit/platform/junit-platform-commons/1.10.1/junit-platform-commons-1.10.1.jar:/root/.m2/repository/org/apiguardian/apiguardian-api/1.1.2/apiguardian-api-1.1.2.jar:/root/.m2/repository/org/junit/jupiter/junit-jupiter-params/5.10.1/junit-jupiter-params-5.10.1.jar:/root/.m2/repository/org/junit/jupiter/junit-jupiter-engine/5.10.1/junit-jupiter-engine-5.10.1.jar:/root/.m2/repository/org/junit/platform/junit-platform-engine/1.10.1/junit-platform-engine-1.10.1.jar:/root/.m2/repository/org/junit/platform/junit-platform-suite/1.10.1/junit-platform-suite-1.10.1.jar:/root/.m2/repository/org/junit/platform/junit-platform-suite-api/1.10.1/junit-platform-suite-api-1.10.1.jar:/root/.m2/repository/org/junit/platform/junit-platform-suite-engine/1.10.1/junit-platform-suite-engine-1.10.1.jar:/root/.m2/repository/org/junit/platform/junit-platform-suite-commons/1.10.1/junit-platform-suite-commons-1.10.1.jar:/root/.m2/repository/org/junit/platform/junit-platform-launcher/1.10.1/junit-platform-launcher-1.10.1.jar:/root/.m2/repository/org/hamcrest/hamcrest/2.2/hamcrest-2.2.jar:/root/.m2/repository/org/openjdk/jmh/jmh-core/1.37/jmh-core-1.37.jar:/root/.m2/repository/net/sf/jopt-simple/jopt-simple/5.0.4/jopt-simple-5.0.4.jar:/root/.m2/repository/org/apache/commons/commons-math3/3.6.1/commons-math3-3.6.1.jar:/root/.m2/repository/org/openjdk/jmh/jmh-generator-annprocess/1.37/jmh-generator-annprocess-1.37.jar:"/>
    <property name="sun.cpu.endian" value="little"/>
    <property name="user.home" value="/root"/>
    <property name="user.language" value="en"/>
    <property name="java.specification.vendor" value="Oracle Corporation"/>
    <property name="jdk.module.path" value="/home/federico/JGraphT_Test/project/repo/jgrapht-core/target/classes:/root/.m2/repository/org/jheaps/jheaps/0.14/jheaps-0.14.jar:/root/.m2/repository/org/apfloat/apfloat/1.12.0/apfloat-1.12.0.jar"/>
    <property name="java.version.date" value="2025-01-21"/>
    <property name="java.home" value="/usr/lib/jvm/java-11-openjdk-amd64"/>
    <property name="file.separator" value="/"/>
    <property name="basedir" value="/home/federico/JGraphT_Test/project/repo/jgrapht-core"/>
    <property name="java.vm.compressedOopsMode" value="32-bit"/>
    <property name="line.separator" value="&#10;"/>
    <property name="java.specification.name" value="Java Platform API Specification"/>
    <property name="java.vm.specification.vendor" value="Oracle Corporation"/>
    <property name="java.awt.graphicsenv" value="sun.awt.X11GraphicsEnvironment"/>
    <property name="surefire.real.class.path" value="/root/.m2/repository/org/apache/maven/surefire/surefire-booter/3.2.5/surefire-booter-3.2.5.jar:/root/.m2/repository/org/apache/maven/surefire/surefire-api/3.2.5/surefire-api-3.2.5.jar:/root/.m2/repository/org/apache/maven/surefire/surefire-logger-api/3.2.5/surefire-logger-api-3.2.5.jar:/root/.m2/repository/org/apache/maven/surefire/surefire-shared-utils/3.2.5/surefire-shared-utils-3.2.5.jar:/root/.m2/repository/org/apache/maven/surefire/surefire-extensions-spi/3.2.5/surefire-extensions-spi-3.2.5.jar:/home/federico/JGraphT_Test/project/repo/jgrapht-core/target/test-classes:/root/.m2/repository/org/junit/jupiter/junit-jupiter/5.10.1/junit-jupiter-5.10.1.jar:/root/.m2/repository/org/junit/jupiter/junit-jupiter-api/5.10.1/junit-jupiter-api-5.10.1.jar:/root/.m2/repository/org/opentest4j/opentest4j/1.3.0/opentest4j-1.3.0.jar:/root/.m2/repository/org/junit/platform/junit-platform-commons/1.10.1/junit-platform-commons-1.10.1.jar:/root/.m2/repository/org/apiguardian/apiguardian-api/1.1.2/apiguardian-api-1.1.2.jar:/root/.m2/repository/org/junit/jupiter/junit-jupiter-params/5.10.1/junit-jupiter-params-5.10.1.jar:/root/.m2/repository/org/junit/jupiter/junit-jupiter-engine/5.10.1/junit-jupiter-engine-5.10.1.jar:/root/.m2/repository/org/junit/platform/junit-platform-engine/1.10.1/junit-platform-engine-1.10.1.jar:/root/.m2/repository/org/junit/platform/junit-platform-suite/1.10.1/junit-platform-suite-1.10.1.jar:/root/.m2/repository/org/junit/platform/junit-platform-suite-api/1.10.1/junit-platform-suite-api-1.10.1.jar:/root/.m2/repository/org/junit/platform/junit-platform-suite-engine/1.10.1/junit-platform-suite-engine-1.10.1.jar:/root/.m2/repository/org/junit/platform/junit-platform-suite-commons/1.10.1/junit-platform-suite-commons-1.10.1.jar:/root/.m2/repository/org/junit/platform/junit-platform-launcher/1.10.1/junit-platform-launcher-1.10.1.jar:/root/.m2/repository/org/hamcrest/hamcrest/2.2/hamcrest-2.2.jar:/root/.m2/repository/org/openjdk/jmh/jmh-core/1.37/jmh-core-1.37.jar:/root/.m2/repository/net/sf/jopt-simple/jopt-simple/5.0.4/jopt-simple-5.0.4.jar:/root/.m2/repository/org/apache/commons/commons-math3/3.6.1/commons-math3-3.6.1.jar:/root/.m2/repository/org/openjdk/jmh/jmh-generator-annprocess/1.37/jmh-generator-annprocess-1.37.jar:/root/.m2/repository/org/apache/maven/surefire/surefire-junit-platform/3.2.5/surefire-junit-platform-3.2.5.jar:/root/.m2/repository/org/apache/maven/surefire/common-java5/3.2.5/common-java5-3.2.5.jar"/>
    <property name="sun.management.compiler" value="HotSpot 64-Bit Tiered Compilers"/>
    <property name="java.runtime.version" value="11.0.26+4-post-Ubuntu-1ubuntu124.04"/>
    <property name="user.name" value="root"/>
    <property name="path.separator" value=":"/>
    <property name="os.version" value="6.8.0-49-generic"/>
    <property name="java.runtime.name" value="OpenJDK Runtime Environment"/>
    <property name="file.encoding" value="UTF-8"/>
    <property name="surefire.failIfNoSpecifiedTests" value="false"/>
    <property name="java.vm.name" value="OpenJDK 64-Bit Server VM"/>
    <property name="localRepository" value="/root/.m2/repository"/>
    <property name="java.vendor.url.bug" value="https://bugs.launchpad.net/ubuntu/+source/openjdk-lts"/>
    <property name="java.io.tmpdir" value="/tmp"/>
    <property name="java.version" value="11.0.26"/>
    <property name="user.dir" value="/home/federico/JGraphT_Test/project/repo/jgrapht-core"/>
    <property name="os.arch" value="amd64"/>
    <property name="java.vm.specification.name" value="Java Virtual Machine Specification"/>
    <property name="java.awt.printerjob" value="sun.print.PSPrinterJob"/>
    <property name="failIfNoTests" value="false"/>
    <property name="sun.os.patch.level" value="unknown"/>
    <property name="java.library.path" value="/usr/java/packages/lib:/usr/lib/x86_64-linux-gnu/jni:/lib/x86_64-linux-gnu:/usr/lib/x86_64-linux-gnu:/usr/lib/jni:/lib:/usr/lib"/>
    <property name="java.vm.info" value="mixed mode"/>
    <property name="java.vendor" value="Ubuntu"/>
    <property name="java.vm.version" value="11.0.26+4-post-Ubuntu-1ubuntu124.04"/>
    <property name="java.specification.maintenance.version" value="3"/>
    <property name="sun.io.unicode.encoding" value="UnicodeLittle"/>
    <property name="java.class.version" value="55.0"/>
  </properties>
  <testcase name="testGeneratedGraph(GnmRandomBipartiteGraphGenerator)[1]" classname="org.jgrapht.alg.decomposition.DulmageMendelsohnDecompositionTest" time="0.004"/>
  <testcase name="testGeneratedGraph(GnmRandomBipartiteGraphGenerator)[2]" classname="org.jgrapht.alg.decomposition.DulmageMendelsohnDecompositionTest" time="0.001"/>
  <testcase name="testGeneratedGraph(GnmRandomBipartiteGraphGenerator)[3]" classname="org.jgrapht.alg.decomposition.DulmageMendelsohnDecompositionTest" time="0.001"/>
  <testcase name="testGeneratedGraph(GnmRandomBipartiteGraphGenerator)[4]" classname="org.jgrapht.alg.decomposition.DulmageMendelsohnDecompositionTest" time="0.001"/>
  <testcase name="testGeneratedGraph(GnmRandomBipartiteGraphGenerator)[5]" classname="org.jgrapht.alg.decomposition.DulmageMendelsohnDecompositionTest" time="0.001"/>
  <testcase name="testGeneratedGraph(GnmRandomBipartiteGraphGenerator)[6]" classname="org.jgrapht.alg.decomposition.DulmageMendelsohnDecompositionTest" time="0.001"/>
  <testcase name="testGeneratedGraph(GnmRandomBipartiteGraphGenerator)[7]" classname="org.jgrapht.alg.decomposition.DulmageMendelsohnDecompositionTest" time="0.001"/>
  <testcase name="testGeneratedGraph(GnmRandomBipartiteGraphGenerator)[8]" classname="org.jgrapht.alg.decomposition.DulmageMendelsohnDecompositionTest" time="0.0"/>
  <testcase name="testGeneratedGraph(GnmRandomBipartiteGraphGenerator)[9]" classname="org.jgrapht.alg.decomposition.DulmageMendelsohnDecompositionTest" time="0.001"/>
  <testcase name="testGeneratedGraph(GnmRandomBipartiteGraphGenerator)[10]" classname="org.jgrapht.alg.decomposition.DulmageMendelsohnDecompositionTest" time="0.0"/>
  <testcase name="testGeneratedGraph(GnmRandomBipartiteGraphGenerator)[11]" classname="org.jgrapht.alg.decomposition.DulmageMendelsohnDecompositionTest" time="0.0"/>
  <testcase name="testGeneratedGraph(GnmRandomBipartiteGraphGenerator)[12]" classname="org.jgrapht.alg.decomposition.DulmageMendelsohnDecompositionTest" time="0.0"/>
  <testcase name="testGeneratedGraph(GnmRandomBipartiteGraphGenerator)[13]" classname="org.jgrapht.alg.decomposition.DulmageMendelsohnDecompositionTest" time="0.001"/>
  <testcase name="testGeneratedGraph(GnmRandomBipartiteGraphGenerator)[14]" classname="org.jgrapht.alg.decomposition.DulmageMendelsohnDecompositionTest" time="0.001"/>
  <testcase name="testGeneratedGraph(GnmRandomBipartiteGraphGenerator)[15]" classname="org.jgrapht.alg.decomposition.DulmageMendelsohnDecompositionTest" time="0.002"/>
  <testcase name="testGeneratedGraph(GnmRandomBipartiteGraphGenerator)[16]" classname="org.jgrapht.alg.decomposition.DulmageMendelsohnDecompositionTest" time="0.002"/>
  <testcase name="testGeneratedGraph(GnmRandomBipartiteGraphGenerator)[17]" classname="org.jgrapht.alg.decomposition.DulmageMendelsohnDecompositionTest" time="0.0"/>
  <testcase name="testGeneratedGraph(GnmRandomBipartiteGraphGenerator)[18]" classname="org.jgrapht.alg.decomposition.DulmageMendelsohnDecompositionTest" time="0.001"/>
  <testcase name="testGeneratedGraph(GnmRandomBipartiteGraphGenerator)[19]" classname="org.jgrapht.alg.decomposition.DulmageMendelsohnDecompositionTest" time="0.002"/>
  <testcase name="testGeneratedGraph(GnmRandomBipartiteGraphGenerator)[20]" classname="org.jgrapht.alg.decomposition.DulmageMendelsohnDecompositionTest" time="0.001"/>
  <testcase name="testGeneratedGraph(GnmRandomBipartiteGraphGenerator)[21]" classname="org.jgrapht.alg.decomposition.DulmageMendelsohnDecompositionTest" time="0.001"/>
  <testcase name="testGeneratedGraph(GnmRandomBipartiteGraphGenerator)[22]" classname="org.jgrapht.alg.decomposition.DulmageMendelsohnDecompositionTest" time="0.002"/>
  <testcase name="testGeneratedGraph(GnmRandomBipartiteGraphGenerator)[23]" classname="org.jgrapht.alg.decomposition.DulmageMendelsohnDecompositionTest" time="0.001"/>
  <testcase name="testGeneratedGraph(GnmRandomBipartiteGraphGenerator)[24]" classname="org.jgrapht.alg.decomposition.DulmageMendelsohnDecompositionTest" time="0.001"/>
  <testcase name="testGeneratedGraph(GnmRandomBipartiteGraphGenerator)[25]" classname="org.jgrapht.alg.decomposition.DulmageMendelsohnDecompositionTest" time="0.002"/>
  <testcase name="testGeneratedGraph(GnmRandomBipartiteGraphGenerator)[26]" classname="org.jgrapht.alg.decomposition.DulmageMendelsohnDecompositionTest" time="0.001"/>
  <testcase name="testGeneratedGraph(GnmRandomBipartiteGraphGenerator)[27]" classname="org.jgrapht.alg.decomposition.DulmageMendelsohnDecompositionTest" time="0.0"/>
  <testcase name="testGeneratedGraph(GnmRandomBipartiteGraphGenerator)[28]" classname="org.jgrapht.alg.decomposition.DulmageMendelsohnDecompositionTest" time="0.001"/>
  <testcase name="testGeneratedGraph(GnmRandomBipartiteGraphGenerator)[29]" classname="org.jgrapht.alg.decomposition.DulmageMendelsohnDecompositionTest" time="0.001"/>
  <testcase name="testGeneratedGraph(GnmRandomBipartiteGraphGenerator)[30]" classname="org.jgrapht.alg.decomposition.DulmageMendelsohnDecompositionTest" time="0.003"/>
  <testcase name="testGeneratedGraph(GnmRandomBipartiteGraphGenerator)[31]" classname="org.jgrapht.alg.decomposition.DulmageMendelsohnDecompositionTest" time="0.003"/>
  <testcase name="testGeneratedGraph(GnmRandomBipartiteGraphGenerator)[32]" classname="org.jgrapht.alg.decomposition.DulmageMendelsohnDecompositionTest" time="0.001"/>
  <testcase name="testGeneratedGraph(GnmRandomBipartiteGraphGenerator)[33]" classname="org.jgrapht.alg.decomposition.DulmageMendelsohnDecompositionTest" time="0.001"/>
  <testcase name="testGeneratedGraph(GnmRandomBipartiteGraphGenerator)[34]" classname="org.jgrapht.alg.decomposition.DulmageMendelsohnDecompositionTest" time="0.004"/>
  <testcase name="testGeneratedGraph(GnmRandomBipartiteGraphGenerator)[35]" classname="org.jgrapht.alg.decomposition.DulmageMendelsohnDecompositionTest" time="0.0"/>
  <testcase name="testGeneratedGraph(GnmRandomBipartiteGraphGenerator)[36]" classname="org.jgrapht.alg.decomposition.DulmageMendelsohnDecompositionTest" time="0.002"/>
  <testcase name="testGeneratedGraph(GnmRandomBipartiteGraphGenerator)[37]" classname="org.jgrapht.alg.decomposition.DulmageMendelsohnDecompositionTest" time="0.002"/>
  <testcase name="testGeneratedGraph(GnmRandomBipartiteGraphGenerator)[38]" classname="org.jgrapht.alg.decomposition.DulmageMendelsohnDecompositionTest" time="0.001"/>
  <testcase name="testGeneratedGraph(GnmRandomBipartiteGraphGenerator)[39]" classname="org.jgrapht.alg.decomposition.DulmageMendelsohnDecompositionTest" time="0.004"/>
  <testcase name="testGeneratedGraph(GnmRandomBipartiteGraphGenerator)[40]" classname="org.jgrapht.alg.decomposition.DulmageMendelsohnDecompositionTest" time="0.001"/>
  <testcase name="testGeneratedGraph(GnmRandomBipartiteGraphGenerator)[41]" classname="org.jgrapht.alg.decomposition.DulmageMendelsohnDecompositionTest" time="0.004"/>
  <testcase name="testGeneratedGraph(GnmRandomBipartiteGraphGenerator)[42]" classname="org.jgrapht.alg.decomposition.DulmageMendelsohnDecompositionTest" time="0.001"/>
  <testcase name="testGeneratedGraph(GnmRandomBipartiteGraphGenerator)[43]" classname="org.jgrapht.alg.decomposition.DulmageMendelsohnDecompositionTest" time="0.004"/>
  <testcase name="testGeneratedGraph(GnmRandomBipartiteGraphGenerator)[44]" classname="org.jgrapht.alg.decomposition.DulmageMendelsohnDecompositionTest" time="0.003"/>
  <testcase name="testGeneratedGraph(GnmRandomBipartiteGraphGenerator)[45]" classname="org.jgrapht.alg.decomposition.DulmageMendelsohnDecompositionTest" time="0.004"/>
  <testcase name="testGeneratedGraph(GnmRandomBipartiteGraphGenerator)[46]" classname="org.jgrapht.alg.decomposition.DulmageMendelsohnDecompositionTest" time="0.002"/>
  <testcase name="testGeneratedGraph(GnmRandomBipartiteGraphGenerator)[47]" classname="org.jgrapht.alg.decomposition.DulmageMendelsohnDecompositionTest" time="0.005"/>
  <testcase name="testGeneratedGraph(GnmRandomBipartiteGraphGenerator)[48]" classname="org.jgrapht.alg.decomposition.DulmageMendelsohnDecompositionTest" time="0.003"/>
  <testcase name="testGeneratedGraph(GnmRandomBipartiteGraphGenerator)[49]" classname="org.jgrapht.alg.decomposition.DulmageMendelsohnDecompositionTest" time="0.002"/>
  <testcase name="testGeneratedGraph(GnmRandomBipartiteGraphGenerator)[50]" classname="org.jgrapht.alg.decomposition.DulmageMendelsohnDecompositionTest" time="0.002"/>
  <testcase name="testGeneratedGraph(GnmRandomBipartiteGraphGenerator)[51]" classname="org.jgrapht.alg.decomposition.DulmageMendelsohnDecompositionTest" time="0.001"/>
  <testcase name="testGeneratedGraph(GnmRandomBipartiteGraphGenerator)[52]" classname="org.jgrapht.alg.decomposition.DulmageMendelsohnDecompositionTest" time="0.002"/>
  <testcase name="testGeneratedGraph(GnmRandomBipartiteGraphGenerator)[53]" classname="org.jgrapht.alg.decomposition.DulmageMendelsohnDecompositionTest" time="0.007"/>
  <testcase name="testGeneratedGraph(GnmRandomBipartiteGraphGenerator)[54]" classname="org.jgrapht.alg.decomposition.DulmageMendelsohnDecompositionTest" time="0.008"/>
  <testcase name="testGeneratedGraph(GnmRandomBipartiteGraphGenerator)[55]" classname="org.jgrapht.alg.decomposition.DulmageMendelsohnDecompositionTest" time="0.005"/>
  <testcase name="testGeneratedGraph(GnmRandomBipartiteGraphGenerator)[56]" classname="org.jgrapht.alg.decomposition.DulmageMendelsohnDecompositionTest" time="0.008"/>
  <testcase name="testGeneratedGraph(GnmRandomBipartiteGraphGenerator)[57]" classname="org.jgrapht.alg.decomposition.DulmageMendelsohnDecompositionTest" time="0.008"/>
  <testcase name="testGeneratedGraph(GnmRandomBipartiteGraphGenerator)[58]" classname="org.jgrapht.alg.decomposition.DulmageMendelsohnDecompositionTest" time="0.011"/>
  <testcase name="testGeneratedGraph(GnmRandomBipartiteGraphGenerator)[59]" classname="org.jgrapht.alg.decomposition.DulmageMendelsohnDecompositionTest" time="0.001"/>
  <testcase name="testGeneratedGraph(GnmRandomBipartiteGraphGenerator)[60]" classname="org.jgrapht.alg.decomposition.DulmageMendelsohnDecompositionTest" time="0.013"/>
  <testcase name="testGeneratedGraph(GnmRandomBipartiteGraphGenerator)[61]" classname="org.jgrapht.alg.decomposition.DulmageMendelsohnDecompositionTest" time="0.004"/>
  <testcase name="testGeneratedGraph(GnmRandomBipartiteGraphGenerator)[62]" classname="org.jgrapht.alg.decomposition.DulmageMendelsohnDecompositionTest" time="0.003"/>
  <testcase name="testGeneratedGraph(GnmRandomBipartiteGraphGenerator)[63]" classname="org.jgrapht.alg.decomposition.DulmageMendelsohnDecompositionTest" time="0.006"/>
  <testcase name="testGeneratedGraph(GnmRandomBipartiteGraphGenerator)[64]" classname="org.jgrapht.alg.decomposition.DulmageMendelsohnDecompositionTest" time="0.001"/>
  <testcase name="testGeneratedGraph(GnmRandomBipartiteGraphGenerator)[65]" classname="org.jgrapht.alg.decomposition.DulmageMendelsohnDecompositionTest" time="0.01"/>
  <testcase name="testGeneratedGraph(GnmRandomBipartiteGraphGenerator)[66]" classname="org.jgrapht.alg.decomposition.DulmageMendelsohnDecompositionTest" time="0.018"/>
  <testcase name="testGeneratedGraph(GnmRandomBipartiteGraphGenerator)[67]" classname="org.jgrapht.alg.decomposition.DulmageMendelsohnDecompositionTest" time="0.003"/>
  <testcase name="testGeneratedGraph(GnmRandomBipartiteGraphGenerator)[68]" classname="org.jgrapht.alg.decomposition.DulmageMendelsohnDecompositionTest" time="0.007"/>
  <testcase name="testGeneratedGraph(GnmRandomBipartiteGraphGenerator)[69]" classname="org.jgrapht.alg.decomposition.DulmageMendelsohnDecompositionTest" time="0.014"/>
  <testcase name="testGeneratedGraph(GnmRandomBipartiteGraphGenerator)[70]" classname="org.jgrapht.alg.decomposition.DulmageMendelsohnDecompositionTest" time="0.008"/>
  <testcase name="testGeneratedGraph(GnmRandomBipartiteGraphGenerator)[71]" classname="org.jgrapht.alg.decomposition.DulmageMendelsohnDecompositionTest" time="0.008"/>
  <testcase name="testGeneratedGraph(GnmRandomBipartiteGraphGenerator)[72]" classname="org.jgrapht.alg.decomposition.DulmageMendelsohnDecompositionTest" time="0.012"/>
  <testcase name="testGeneratedGraph(GnmRandomBipartiteGraphGenerator)[73]" classname="org.jgrapht.alg.decomposition.DulmageMendelsohnDecompositionTest" time="0.002"/>
  <testcase name="testGeneratedGraph(GnmRandomBipartiteGraphGenerator)[74]" classname="org.jgrapht.alg.decomposition.DulmageMendelsohnDecompositionTest" time="0.015"/>
  <testcase name="testGeneratedGraph(GnmRandomBipartiteGraphGenerator)[75]" classname="org.jgrapht.alg.decomposition.DulmageMendelsohnDecompositionTest" time="0.012"/>
  <testcase name="testGeneratedGraph(GnmRandomBipartiteGraphGenerator)[76]" classname="org.jgrapht.alg.decomposition.DulmageMendelsohnDecompositionTest" time="0.004"/>
  <testcase name="testGeneratedGraph(GnmRandomBipartiteGraphGenerator)[77]" classname="org.jgrapht.alg.decomposition.DulmageMendelsohnDecompositionTest" time="0.005"/>
  <testcase name="testGeneratedGraph(GnmRandomBipartiteGraphGenerator)[78]" classname="org.jgrapht.alg.decomposition.DulmageMendelsohnDecompositionTest" time="0.019"/>
  <testcase name="testGeneratedGraph(GnmRandomBipartiteGraphGenerator)[79]" classname="org.jgrapht.alg.decomposition.DulmageMendelsohnDecompositionTest" time="0.012"/>
  <testcase name="testGeneratedGraph(GnmRandomBipartiteGraphGenerator)[80]" classname="org.jgrapht.alg.decomposition.DulmageMendelsohnDecompositionTest" time="0.007"/>
  <testcase name="testGeneratedGraph(GnmRandomBipartiteGraphGenerator)[81]" classname="org.jgrapht.alg.decomposition.DulmageMendelsohnDecompositionTest" time="0.003"/>
  <testcase name="testGeneratedGraph(GnmRandomBipartiteGraphGenerator)[82]" classname="org.jgrapht.alg.decomposition.DulmageMendelsohnDecompositionTest" time="0.018"/>
  <testcase name="testGeneratedGraph(GnmRandomBipartiteGraphGenerator)[83]" classname="org.jgrapht.alg.decomposition.DulmageMendelsohnDecompositionTest" time="0.007"/>
  <testcase name="testGeneratedGraph(GnmRandomBipartiteGraphGenerator)[84]" classname="org.jgrapht.alg.decomposition.DulmageMendelsohnDecompositionTest" time="0.011"/>
  <testcase name="testGeneratedGraph(GnmRandomBipartiteGraphGenerator)[85]" classname="org.jgrapht.alg.decomposition.DulmageMendelsohnDecompositionTest" time="0.013"/>
  <testcase name="testGeneratedGraph(GnmRandomBipartiteGraphGenerator)[86]" classname="org.jgrapht.alg.decomposition.DulmageMendelsohnDecompositionTest" time="0.012"/>
  <testcase name="testGeneratedGraph(GnmRandomBipartiteGraphGenerator)[87]" classname="org.jgrapht.alg.decomposition.DulmageMendelsohnDecompositionTest" time="0.002"/>
  <testcase name="testGeneratedGraph(GnmRandomBipartiteGraphGenerator)[88]" classname="org.jgrapht.alg.decomposition.DulmageMendelsohnDecompositionTest" time="0.021"/>
  <testcase name="testGeneratedGraph(GnmRandomBipartiteGraphGenerator)[89]" classname="org.jgrapht.alg.decomposition.DulmageMendelsohnDecompositionTest" time="0.011"/>
  <testcase name="testGeneratedGraph(GnmRandomBipartiteGraphGenerator)[90]" classname="org.jgrapht.alg.decomposition.DulmageMendelsohnDecompositionTest" time="0.011"/>
  <testcase name="testGeneratedGraph(GnmRandomBipartiteGraphGenerator)[91]" classname="org.jgrapht.alg.decomposition.DulmageMendelsohnDecompositionTest" time="0.018"/>
  <testcase name="testGeneratedGraph(GnmRandomBipartiteGraphGenerator)[92]" classname="org.jgrapht.alg.decomposition.DulmageMendelsohnDecompositionTest" time="0.024"/>
  <testcase name="testGeneratedGraph(GnmRandomBipartiteGraphGenerator)[93]" classname="org.jgrapht.alg.decomposition.DulmageMendelsohnDecompositionTest" time="0.03"/>
  <testcase name="testGeneratedGraph(GnmRandomBipartiteGraphGenerator)[94]" classname="org.jgrapht.alg.decomposition.DulmageMendelsohnDecompositionTest" time="0.027"/>
  <testcase name="testGeneratedGraph(GnmRandomBipartiteGraphGenerator)[95]" classname="org.jgrapht.alg.decomposition.DulmageMendelsohnDecompositionTest" time="0.008"/>
  <testcase name="testGeneratedGraph(GnmRandomBipartiteGraphGenerator)[96]" classname="org.jgrapht.alg.decomposition.DulmageMendelsohnDecompositionTest" time="0.001"/>
  <testcase name="testGeneratedGraph(GnmRandomBipartiteGraphGenerator)[97]" classname="org.jgrapht.alg.decomposition.DulmageMendelsohnDecompositionTest" time="0.021"/>
  <testcase name="testGeneratedGraph(GnmRandomBipartiteGraphGenerator)[98]" classname="org.jgrapht.alg.decomposition.DulmageMendelsohnDecompositionTest" time="0.004"/>
  <testcase name="testGeneratedGraph(GnmRandomBipartiteGraphGenerator)[99]" classname="org.jgrapht.alg.decomposition.DulmageMendelsohnDecompositionTest" time="0.024"/>
  <testcase name="testGeneratedGraph(GnmRandomBipartiteGraphGenerator)[100]" classname="org.jgrapht.alg.decomposition.DulmageMendelsohnDecompositionTest" time="0.028"/>
</testsuite>